<?xml version="1.0" encoding="UTF-8"?>
<testng-results skipped="0" failed="0" total="1" passed="1">
  <reporter-output>
  </reporter-output>
  <suite name="Suite" duration-ms="9789" started-at="2016-06-11T11:40:00Z" finished-at="2016-06-11T11:40:10Z">
    <groups>
    </groups>
    <test name="Test" duration-ms="9789" started-at="2016-06-11T11:40:00Z" finished-at="2016-06-11T11:40:10Z">
      <class name="package1.NewTest">
        <test-method status="PASS" signature="openBrowser()[pri:0, instance:package1.NewTest@ce8af7]" name="openBrowser" duration-ms="9772" started-at="2016-06-11T17:10:00Z" finished-at="2016-06-11T17:10:10Z">
          <reporter-output>
          </reporter-output>
        </test-method> <!-- openBrowser -->
      </class> <!-- package1.NewTest -->
    </test> <!-- Test -->
  </suite> <!-- Suite -->
</testng-results>
