<?xml version="1.0" encoding="UTF-8"?>
<testng-results skipped="0" failed="0" total="1" passed="1">
  <reporter-output>
  </reporter-output>
  <suite name="Default suite" duration-ms="8647" started-at="2016-06-11T09:08:26Z" finished-at="2016-06-11T09:08:34Z">
    <groups>
    </groups>
    <test name="Default test" duration-ms="8647" started-at="2016-06-11T09:08:26Z" finished-at="2016-06-11T09:08:34Z">
      <class name="package1.NewTest">
        <test-method status="PASS" signature="openBrowser()[pri:0, instance:package1.NewTest@a6d14e]" name="openBrowser" duration-ms="8626" started-at="2016-06-11T14:38:26Z" finished-at="2016-06-11T14:38:34Z">
          <reporter-output>
          </reporter-output>
        </test-method> <!-- openBrowser -->
      </class> <!-- package1.NewTest -->
    </test> <!-- Default test -->
  </suite> <!-- Default suite -->
</testng-results>
