<?xml version="1.0" encoding="UTF-8"?>
<testng-results skipped="0" failed="0" total="1" passed="1">
  <reporter-output>
  </reporter-output>
  <suite name="Suite" duration-ms="7230" started-at="2016-06-11T09:10:25Z" finished-at="2016-06-11T09:10:32Z">
    <groups>
    </groups>
    <test name="Test" duration-ms="7230" started-at="2016-06-11T09:10:25Z" finished-at="2016-06-11T09:10:32Z">
      <class name="package1.NewTest">
        <test-method status="PASS" signature="openBrowser()[pri:0, instance:package1.NewTest@1a10788]" name="openBrowser" duration-ms="7207" started-at="2016-06-11T14:40:25Z" finished-at="2016-06-11T14:40:32Z">
          <reporter-output>
          </reporter-output>
        </test-method> <!-- openBrowser -->
      </class> <!-- package1.NewTest -->
    </test> <!-- Test -->
  </suite> <!-- Suite -->
</testng-results>
